<?xml version="1.0" encoding="UTF-8"?>
<coverage generated="1707935000636" clover="3.2.0">
  <project timestamp="1707935000637" name="All files">
    <metrics statements="72" coveredstatements="51" conditionals="16" coveredconditionals="9" methods="34" coveredmethods="23" elements="122" coveredelements="83" complexity="0" loc="72" ncloc="72" packages="5" files="11" classes="11"/>
    <package name="src">
      <metrics statements="1" coveredstatements="0" conditionals="0" coveredconditionals="0" methods="0" coveredmethods="0"/>
      <file name="main.jsx" path="/home/brandox/Documentos/TOP/PROJECTS/shopping-cart/src/main.jsx">
        <metrics statements="1" coveredstatements="0" conditionals="0" coveredconditionals="0" methods="0" coveredmethods="0"/>
        <line num="6" count="0" type="stmt"/>
      </file>
    </package>
    <package name="src.components">
      <metrics statements="34" coveredstatements="34" conditionals="10" coveredconditionals="9" methods="16" coveredmethods="16"/>
      <file name="App.jsx" path="/home/brandox/Documentos/TOP/PROJECTS/shopping-cart/src/components/App.jsx">
        <metrics statements="1" coveredstatements="1" conditionals="0" coveredconditionals="0" methods="1" coveredmethods="1"/>
        <line num="6" count="4" type="stmt"/>
      </file>
      <file name="CartWindow.jsx" path="/home/brandox/Documentos/TOP/PROJECTS/shopping-cart/src/components/CartWindow.jsx">
        <metrics statements="9" coveredstatements="9" conditionals="4" coveredconditionals="4" methods="5" coveredmethods="5"/>
        <line num="5" count="3" type="stmt"/>
        <line num="18" count="3" type="stmt"/>
        <line num="29" count="3" type="stmt"/>
        <line num="38" count="6" type="stmt"/>
        <line num="39" count="6" type="stmt"/>
        <line num="44" count="4" type="stmt"/>
        <line num="52" count="1" type="stmt"/>
        <line num="53" count="1" type="stmt"/>
        <line num="56" count="1" type="stmt"/>
      </file>
      <file name="Home.jsx" path="/home/brandox/Documentos/TOP/PROJECTS/shopping-cart/src/components/Home.jsx">
        <metrics statements="2" coveredstatements="2" conditionals="0" coveredconditionals="0" methods="1" coveredmethods="1"/>
        <line num="3" count="2" type="stmt"/>
        <line num="13" count="3" type="stmt"/>
      </file>
      <file name="NavBar.jsx" path="/home/brandox/Documentos/TOP/PROJECTS/shopping-cart/src/components/NavBar.jsx">
        <metrics statements="10" coveredstatements="10" conditionals="2" coveredconditionals="2" methods="2" coveredmethods="2"/>
        <line num="9" count="2" type="stmt"/>
        <line num="23" count="2" type="stmt"/>
        <line num="33" count="2" type="stmt"/>
        <line num="38" count="2" type="stmt"/>
        <line num="42" count="2" type="stmt"/>
        <line num="48" count="2" type="stmt"/>
        <line num="58" count="13" type="stmt"/>
        <line num="59" count="13" type="stmt"/>
        <line num="60" count="13" type="stmt"/>
        <line num="62" count="13" type="stmt"/>
      </file>
      <file name="Store.jsx" path="/home/brandox/Documentos/TOP/PROJECTS/shopping-cart/src/components/Store.jsx">
        <metrics statements="12" coveredstatements="12" conditionals="4" coveredconditionals="3" methods="7" coveredmethods="7"/>
        <line num="7" count="2" type="stmt"/>
        <line num="15" count="2" type="stmt"/>
        <line num="35" count="8" type="stmt"/>
        <line num="37" count="8" type="stmt"/>
        <line num="38" count="5" type="stmt"/>
        <line num="41" count="8" type="stmt"/>
        <line num="42" count="3" type="stmt"/>
        <line num="43" count="1" type="stmt"/>
        <line num="44" count="1" type="cond" truecount="1" falsecount="1"/>
        <line num="49" count="8" type="stmt"/>
        <line num="55" count="60" type="stmt"/>
        <line num="63" count="1" type="stmt"/>
      </file>
    </package>
    <package name="src.context">
      <metrics statements="28" coveredstatements="10" conditionals="6" coveredconditionals="0" methods="12" coveredmethods="4"/>
      <file name="ShoppingCartContext.jsx" path="/home/brandox/Documentos/TOP/PROJECTS/shopping-cart/src/context/ShoppingCartContext.jsx">
        <metrics statements="28" coveredstatements="10" conditionals="6" coveredconditionals="0" methods="12" coveredmethods="4"/>
        <line num="4" count="4" type="stmt"/>
        <line num="7" count="15" type="stmt"/>
        <line num="8" count="15" type="stmt"/>
        <line num="10" count="15" type="stmt"/>
        <line num="12" count="15" type="stmt"/>
        <line num="13" count="1" type="stmt"/>
        <line num="16" count="15" type="stmt"/>
        <line num="17" count="0" type="stmt"/>
        <line num="18" count="0" type="stmt"/>
        <line num="19" count="0" type="cond" truecount="0" falsecount="2"/>
        <line num="20" count="0" type="stmt"/>
        <line num="22" count="0" type="stmt"/>
        <line num="24" count="0" type="stmt"/>
        <line num="27" count="15" type="stmt"/>
        <line num="28" count="0" type="stmt"/>
        <line num="29" count="0" type="stmt"/>
        <line num="31" count="0" type="cond" truecount="0" falsecount="2"/>
        <line num="32" count="0" type="stmt"/>
        <line num="33" count="0" type="stmt"/>
        <line num="36" count="0" type="stmt"/>
        <line num="37" count="0" type="cond" truecount="0" falsecount="2"/>
        <line num="38" count="0" type="stmt"/>
        <line num="40" count="0" type="stmt"/>
        <line num="42" count="0" type="stmt"/>
        <line num="45" count="15" type="stmt"/>
        <line num="46" count="0" type="stmt"/>
        <line num="47" count="0" type="stmt"/>
        <line num="50" count="15" type="stmt"/>
      </file>
    </package>
    <package name="src.router">
      <metrics statements="2" coveredstatements="2" conditionals="0" coveredconditionals="0" methods="1" coveredmethods="1"/>
      <file name="Root.jsx" path="/home/brandox/Documentos/TOP/PROJECTS/shopping-cart/src/router/Root.jsx">
        <metrics statements="2" coveredstatements="2" conditionals="0" coveredconditionals="0" methods="1" coveredmethods="1"/>
        <line num="10" count="4" type="stmt"/>
        <line num="30" count="4" type="stmt"/>
      </file>
    </package>
    <package name="src.services">
      <metrics statements="7" coveredstatements="5" conditionals="0" coveredconditionals="0" methods="5" coveredmethods="2"/>
      <file name="fetchData.js" path="/home/brandox/Documentos/TOP/PROJECTS/shopping-cart/src/services/fetchData.js">
        <metrics statements="4" coveredstatements="4" conditionals="0" coveredconditionals="0" methods="1" coveredmethods="1"/>
        <line num="1" count="2" type="stmt"/>
        <line num="2" count="5" type="stmt"/>
        <line num="3" count="5" type="stmt"/>
        <line num="4" count="5" type="stmt"/>
      </file>
      <file name="getPrice.js" path="/home/brandox/Documentos/TOP/PROJECTS/shopping-cart/src/services/getPrice.js">
        <metrics statements="2" coveredstatements="0" conditionals="0" coveredconditionals="0" methods="2" coveredmethods="0"/>
        <line num="2" count="0" type="stmt"/>
        <line num="3" count="0" type="stmt"/>
      </file>
      <file name="verifyElement.js" path="/home/brandox/Documentos/TOP/PROJECTS/shopping-cart/src/services/verifyElement.js">
        <metrics statements="1" coveredstatements="1" conditionals="0" coveredconditionals="0" methods="2" coveredmethods="1"/>
        <line num="1" count="2" type="stmt"/>
      </file>
    </package>
  </project>
</coverage>
